  GPUProgram.cpp
C:\Program Files (x86)\Windows Kits\10\Include\10.0.19041.0\shared\minwindef.h(130,1): warning C4005: “APIENTRY”: 宏重定义
D:\GitHub\JoestarEngine\ThirdParty\glad\include\glad\glad.h(32): message : 参见“APIENTRY”的前一个定义
D:\GitHub\JoestarEngine\JoestarEngine\Math\FloatMath.h(6,37): warning C4305: “初始化”: 从“double”到“float”截断
D:\GitHub\JoestarEngine\JoestarEngine\Math\FloatMath.h(7,28): warning C4305: “初始化”: 从“double”到“float”截断
D:\GitHub\JoestarEngine\JoestarEngine\Graphics\RenderCommand.h(47,11): warning C4003: 类函数宏的调用“JOJO_NEW”参数不足
D:\GitHub\JoestarEngine\JoestarEngine\Graphics\RenderCommand.h(106,11): warning C4003: 类函数宏的调用“JOJO_NEW”参数不足
D:\GitHub\JoestarEngine\JoestarEngine\Graphics\GPUProgramVulkan.h(175,51): warning C4244: “return”: 从“U16”转换到“U8”，可能丢失数据
D:\GitHub\JoestarEngine\JoestarEngine\Graphics\GPUProgramVulkan.h(178,51): warning C4244: “return”: 从“U16”转换到“U8”，可能丢失数据
D:\GitHub\JoestarEngine\JoestarEngine\Graphics\GPUProgramVulkan.h(187,45): warning C4244: “return”: 从“U16”转换到“U8”，可能丢失数据
D:\GitHub\JoestarEngine\JoestarEngine\Graphics\GPUProgramVulkan.h(687,1): warning C4267: “初始化”: 从“size_t”转换到“U32”，可能丢失数据
D:\GitHub\JoestarEngine\JoestarEngine\Graphics\GPUProgramVulkan.h(689,35): warning C4018: “<”: 有符号/无符号不匹配
D:\GitHub\JoestarEngine\JoestarEngine\Graphics\GPUProgramVulkan.h(776,1): warning C4267: “=”: 从“size_t”转换到“uint32_t”，可能丢失数据
  GPUProgramVulkan.cpp
C:\Program Files (x86)\Windows Kits\10\Include\10.0.19041.0\shared\minwindef.h(130,1): warning C4005: “APIENTRY”: 宏重定义
D:\GitHub\JoestarEngine\ThirdParty\glad\include\glad\glad.h(32): message : 参见“APIENTRY”的前一个定义
D:\GitHub\JoestarEngine\JoestarEngine\Math\FloatMath.h(6,37): warning C4305: “初始化”: 从“double”到“float”截断
D:\GitHub\JoestarEngine\JoestarEngine\Math\FloatMath.h(7,28): warning C4305: “初始化”: 从“double”到“float”截断
D:\GitHub\JoestarEngine\JoestarEngine\Graphics\RenderCommand.h(47,11): warning C4003: 类函数宏的调用“JOJO_NEW”参数不足
D:\GitHub\JoestarEngine\JoestarEngine\Graphics\RenderCommand.h(106,11): warning C4003: 类函数宏的调用“JOJO_NEW”参数不足
D:\GitHub\JoestarEngine\JoestarEngine\Graphics\GPUProgramVulkan.h(175,51): warning C4244: “return”: 从“U16”转换到“U8”，可能丢失数据
D:\GitHub\JoestarEngine\JoestarEngine\Graphics\GPUProgramVulkan.h(178,51): warning C4244: “return”: 从“U16”转换到“U8”，可能丢失数据
D:\GitHub\JoestarEngine\JoestarEngine\Graphics\GPUProgramVulkan.h(187,45): warning C4244: “return”: 从“U16”转换到“U8”，可能丢失数据
D:\GitHub\JoestarEngine\JoestarEngine\Graphics\GPUProgramVulkan.h(687,1): warning C4267: “初始化”: 从“size_t”转换到“U32”，可能丢失数据
D:\GitHub\JoestarEngine\JoestarEngine\Graphics\GPUProgramVulkan.h(689,35): warning C4018: “<”: 有符号/无符号不匹配
D:\GitHub\JoestarEngine\JoestarEngine\Graphics\GPUProgramVulkan.h(776,1): warning C4267: “=”: 从“size_t”转换到“uint32_t”，可能丢失数据
D:\GitHub\JoestarEngine\JoestarEngine\Graphics\GPUProgramVulkan.cpp(171,116): warning C4244: “参数”: 从“U32”转换到“float”，可能丢失数据
D:\GitHub\JoestarEngine\JoestarEngine\Graphics\GPUProgramVulkan.cpp(171,98): warning C4244: “参数”: 从“U32”转换到“float”，可能丢失数据
D:\GitHub\JoestarEngine\JoestarEngine\Graphics\GPUProgramVulkan.cpp(524,46): warning C4267: “初始化”: 从“size_t”转换到“U32”，可能丢失数据
D:\GitHub\JoestarEngine\JoestarEngine\Graphics\GPUProgramVulkan.cpp(573,9): warning C4101: “data”: 未引用的局部变量
D:\GitHub\JoestarEngine\JoestarEngine\Graphics\GPUProgramVulkan.cpp(612,110): warning C4267: “参数”: 从“size_t”转换到“uint32_t”，可能丢失数据
D:\GitHub\JoestarEngine\JoestarEngine\Graphics\GPUProgramVulkan.cpp(650,34): warning C4267: “参数”: 从“size_t”转换到“int”，可能丢失数据
D:\GitHub\JoestarEngine\JoestarEngine\Graphics\GPUProgramVulkan.cpp(735,5): warning C4003: 类函数宏的调用“JOJO_DELETE”参数不足
D:\GitHub\JoestarEngine\JoestarEngine\Graphics\GPUProgramVulkan.cpp(778,26): warning C4003: 类函数宏的调用“JOJO_NEW”参数不足
D:\GitHub\JoestarEngine\JoestarEngine\Graphics\GPUProgramVulkan.h(1094,1): warning C4267: “初始化”: 从“size_t”转换到“U32”，可能丢失数据
D:\GitHub\JoestarEngine\JoestarEngine\Graphics\GPUProgramVulkan.h(1069): message : 查看对正在编译的函数 模板 实例化“void Joestar::GPUProgramVulkan::UpdateDescriptorSets<T>(T *)”的引用
          with
          [
              T=Joestar::DrawCallVK
          ]
D:\GitHub\JoestarEngine\JoestarEngine\Graphics\GPUProgramVulkan.cpp(477): message : 查看对正在编译的函数 模板 实例化“void Joestar::GPUProgramVulkan::CreateDescriptorSets<Joestar::DrawCallVK>(T *)”的引用
          with
          [
              T=Joestar::DrawCallVK
          ]
D:\GitHub\JoestarEngine\JoestarEngine\Graphics\GPUProgramVulkan.h(1095,1): warning C4267: “初始化”: 从“size_t”转换到“U32”，可能丢失数据
  Graphics.cpp
D:\GitHub\JoestarEngine\JoestarEngine\Math\FloatMath.h(6,37): warning C4305: “初始化”: 从“double”到“float”截断
D:\GitHub\JoestarEngine\JoestarEngine\Math\FloatMath.h(7,28): warning C4305: “初始化”: 从“double”到“float”截断
D:\GitHub\JoestarEngine\JoestarEngine\Math\FloatMath.h(8,46): warning C4244: “return”: 从“double”转换到“float”，可能丢失数据
D:\GitHub\JoestarEngine\JoestarEngine\Math\FloatMath.h(9,42): warning C4244: “return”: 从“double”转换到“float”，可能丢失数据
D:\GitHub\JoestarEngine\JoestarEngine\Math\Vector2.h(54,76): warning C4244: “return”: 从“double”转换到“float”，可能丢失数据
C:\Program Files (x86)\Windows Kits\10\Include\10.0.19041.0\shared\minwindef.h(130,1): warning C4005: “APIENTRY”: 宏重定义
D:\GitHub\JoestarEngine\ThirdParty\glad\include\glad\glad.h(32): message : 参见“APIENTRY”的前一个定义
D:\GitHub\JoestarEngine\JoestarEngine\Graphics\RenderCommand.h(47,11): warning C4003: 类函数宏的调用“JOJO_NEW”参数不足
D:\GitHub\JoestarEngine\JoestarEngine\Graphics\RenderCommand.h(106,11): warning C4003: 类函数宏的调用“JOJO_NEW”参数不足
D:\GitHub\JoestarEngine\JoestarEngine\Math\Quaternion.h(284,23): warning C4244: “=”: 从“double”转换到“float”，可能丢失数据
D:\GitHub\JoestarEngine\JoestarEngine\Math\Quaternion.h(291,13): warning C4244: “初始化”: 从“double”转换到“float”，可能丢失数据
D:\GitHub\JoestarEngine\JoestarEngine\Math\Quaternion.h(299,11): warning C4244: “初始化”: 从“double”转换到“float”，可能丢失数据
D:\GitHub\JoestarEngine\JoestarEngine\Math\Quaternion.h(301,12): warning C4244: “=”: 从“double”转换到“float”，可能丢失数据
D:\GitHub\JoestarEngine\JoestarEngine\Math\Quaternion.h(314,12): warning C4244: “初始化”: 从“double”转换到“float”，可能丢失数据
D:\GitHub\JoestarEngine\JoestarEngine\Math\Quaternion.h(315,12): warning C4244: “初始化”: 从“double”转换到“float”，可能丢失数据
D:\GitHub\JoestarEngine\JoestarEngine\Math\Quaternion.h(339,13): warning C4244: “=”: 从“double”转换到“float”，可能丢失数据
D:\GitHub\JoestarEngine\JoestarEngine\Math\Quaternion.h(341,12): warning C4244: “初始化”: 从“double”转换到“float”，可能丢失数据
D:\GitHub\JoestarEngine\JoestarEngine\Graphics\GPUProgramVulkan.h(175,51): warning C4244: “return”: 从“U16”转换到“U8”，可能丢失数据
D:\GitHub\JoestarEngine\JoestarEngine\Graphics\GPUProgramVulkan.h(178,51): warning C4244: “return”: 从“U16”转换到“U8”，可能丢失数据
D:\GitHub\JoestarEngine\JoestarEngine\Graphics\GPUProgramVulkan.h(187,45): warning C4244: “return”: 从“U16”转换到“U8”，可能丢失数据
D:\GitHub\JoestarEngine\JoestarEngine\Graphics\GPUProgramVulkan.h(687,1): warning C4267: “初始化”: 从“size_t”转换到“U32”，可能丢失数据
D:\GitHub\JoestarEngine\JoestarEngine\Graphics\GPUProgramVulkan.h(689,35): warning C4018: “<”: 有符号/无符号不匹配
D:\GitHub\JoestarEngine\JoestarEngine\Graphics\GPUProgramVulkan.h(776,1): warning C4267: “=”: 从“size_t”转换到“uint32_t”，可能丢失数据
D:\GitHub\JoestarEngine\JoestarEngine\Graphics\Graphics.cpp(12,16): warning C4003: 类函数宏的调用“JOJO_NEW”参数不足
D:\GitHub\JoestarEngine\JoestarEngine\Graphics\Graphics.cpp(17,16): warning C4003: 类函数宏的调用“JOJO_NEW”参数不足
D:\GitHub\JoestarEngine\JoestarEngine\Graphics\Graphics.cpp(130,66): warning C4244: “参数”: 从“U16”转换到“U8”，可能丢失数据
  Shader.cpp
D:\GitHub\JoestarEngine\JoestarEngine\Math\FloatMath.h(6,37): warning C4305: “初始化”: 从“double”到“float”截断
D:\GitHub\JoestarEngine\JoestarEngine\Math\FloatMath.h(7,28): warning C4305: “初始化”: 从“double”到“float”截断
D:\GitHub\JoestarEngine\JoestarEngine\Math\FloatMath.h(8,46): warning C4244: “return”: 从“double”转换到“float”，可能丢失数据
D:\GitHub\JoestarEngine\JoestarEngine\Math\FloatMath.h(9,42): warning C4244: “return”: 从“double”转换到“float”，可能丢失数据
  RenderThreadVulkan.cpp
C:\Program Files (x86)\Windows Kits\10\Include\10.0.19041.0\shared\minwindef.h(130,1): warning C4005: “APIENTRY”: 宏重定义
D:\GitHub\JoestarEngine\ThirdParty\glad\include\glad\glad.h(32): message : 参见“APIENTRY”的前一个定义
D:\GitHub\JoestarEngine\JoestarEngine\Graphics\RenderCommand.h(47,11): warning C4003: 类函数宏的调用“JOJO_NEW”参数不足
D:\GitHub\JoestarEngine\JoestarEngine\Graphics\RenderCommand.h(106,11): warning C4003: 类函数宏的调用“JOJO_NEW”参数不足
D:\GitHub\JoestarEngine\JoestarEngine\Math\FloatMath.h(6,37): warning C4305: “初始化”: 从“double”到“float”截断
D:\GitHub\JoestarEngine\JoestarEngine\Math\FloatMath.h(7,28): warning C4305: “初始化”: 从“double”到“float”截断
D:\GitHub\JoestarEngine\JoestarEngine\Graphics\GPUProgramVulkan.h(175,51): warning C4244: “return”: 从“U16”转换到“U8”，可能丢失数据
D:\GitHub\JoestarEngine\JoestarEngine\Graphics\GPUProgramVulkan.h(178,51): warning C4244: “return”: 从“U16”转换到“U8”，可能丢失数据
D:\GitHub\JoestarEngine\JoestarEngine\Graphics\GPUProgramVulkan.h(187,45): warning C4244: “return”: 从“U16”转换到“U8”，可能丢失数据
D:\GitHub\JoestarEngine\JoestarEngine\Graphics\GPUProgramVulkan.h(687,1): warning C4267: “初始化”: 从“size_t”转换到“U32”，可能丢失数据
D:\GitHub\JoestarEngine\JoestarEngine\Graphics\GPUProgramVulkan.h(689,35): warning C4018: “<”: 有符号/无符号不匹配
D:\GitHub\JoestarEngine\JoestarEngine\Graphics\GPUProgramVulkan.h(776,1): warning C4267: “=”: 从“size_t”转换到“uint32_t”，可能丢失数据
  The contents of <optional> are available only with C++17 or later.
D:\GitHub\JoestarEngine\JoestarEngine\Thread\RenderThreadVulkan.cpp(104,21): warning C4244: “=”: 从“double”转换到“float”，可能丢失数据
D:\GitHub\JoestarEngine\JoestarEngine\Thread\RenderThreadVulkan.cpp(105,21): warning C4244: “=”: 从“double”转换到“float”，可能丢失数据
D:\GitHub\JoestarEngine\JoestarEngine\Thread\RenderThreadVulkan.cpp(108,24): warning C4244: “=”: 从“double”转换到“float”，可能丢失数据
D:\GitHub\JoestarEngine\JoestarEngine\Thread\RenderThreadVulkan.cpp(109,25): warning C4244: “=”: 从“double”转换到“float”，可能丢失数据
D:\GitHub\JoestarEngine\JoestarEngine\Thread\RenderThreadVulkan.cpp(110,17): warning C4244: “=”: 从“double”转换到“float”，可能丢失数据
D:\GitHub\JoestarEngine\JoestarEngine\Thread\RenderThreadVulkan.cpp(111,17): warning C4244: “=”: 从“double”转换到“float”，可能丢失数据
D:\GitHub\JoestarEngine\JoestarEngine\Thread\RenderThreadVulkan.cpp(115,19): warning C4244: “=”: 从“double”转换到“float”，可能丢失数据
D:\GitHub\JoestarEngine\JoestarEngine\Thread\RenderThreadVulkan.cpp(116,19): warning C4244: “=”: 从“double”转换到“float”，可能丢失数据
  正在生成代码...
D:\GitHub\JoestarEngine\JoestarEngine\Thread\RenderThreadVulkan.cpp(728): warning C4715: “Joestar::RenderThreadVulkan::FindSupportedFormat”: 不是所有的控件路径都返回值
D:\GitHub\JoestarEngine\JoestarEngine\Graphics\Shader\Shader.cpp(46): warning C4715: “Joestar::Shader::GetUniformBindingByHash”: 不是所有的控件路径都返回值
D:\GitHub\JoestarEngine\JoestarEngine\Graphics\Shader\Shader.cpp(38): warning C4715: “Joestar::Shader::GetUniformBindingByName”: 不是所有的控件路径都返回值
D:\GitHub\JoestarEngine\JoestarEngine\Graphics\Shader\Shader.cpp(54): warning C4715: “Joestar::Shader::GetUniformDefByHash”: 不是所有的控件路径都返回值
D:\GitHub\JoestarEngine\JoestarEngine\Graphics\Shader\Shader.cpp(61): warning C4715: “Joestar::Shader::GetUniformDef”: 不是所有的控件路径都返回值
D:\GitHub\JoestarEngine\JoestarEngine\Graphics\GPUProgramVulkan.cpp(69): warning C4715: “Joestar::GPUProgramVulkan::FindSupportedFormat”: 不是所有的控件路径都返回值
D:\GitHub\JoestarEngine\JoestarEngine\Graphics\GPUProgramVulkan.cpp(22): warning C4715: “Joestar::FindMemoryType”: 不是所有的控件路径都返回值
D:\GitHub\JoestarEngine\JoestarEngine\Graphics\GPUProgramVulkan.cpp(153): warning C4715: “Joestar::GPUProgramVulkan::FindMemoryType”: 不是所有的控件路径都返回值
  JoestarEngine.vcxproj -> D:\GitHub\JoestarEngine\x64\Debug\JoestarEngine.exe
